#
# There is insufficient memory for the Java Runtime Environment to continue.
# Native memory allocation (malloc) failed to allocate 1400576 bytes for Chunk::new
# Possible reasons:
#   The system is out of physical RAM or swap space
#   The process is running with CompressedOops enabled, and the Java Heap may be blocking the growth of the native heap
# Possible solutions:
#   Reduce memory load on the system
#   Increase physical memory or swap space
#   Check if swap backing store is full
#   Decrease Java heap size (-Xmx/-Xms)
#   Decrease number of Java threads
#   Decrease Java thread stack sizes (-Xss)
#   Set larger code cache with -XX:ReservedCodeCacheSize=
#   JVM is running with Unscaled Compressed Oops mode in which the Java heap is
#     placed in the first 4GB address space. The Java Heap base address is the
#     maximum limit for the native heap growth. Please use -XX:HeapBaseMinAddress
#     to set the Java Heap base and to place the Java Heap above 4GB virtual address.
# This output file may be truncated or incomplete.
#
#  Out of Memory Error (allocation.cpp:389), pid=7832, tid=0x0000000000003388
#
# JRE version: OpenJDK Runtime Environment (8.0_242-b01) (build 1.8.0_242-release-1644-b01)
# Java VM: OpenJDK 64-Bit Server VM (25.242-b01 mixed mode windows-amd64 compressed oops)
# Failed to write core dump. Minidumps are not enabled by default on client versions of Windows
#

---------------  T H R E A D  ---------------

Current thread (0x0000000019ec8000):  JavaThread "C2 CompilerThread1" daemon [_thread_in_native, id=13192, stack(0x000000001b530000,0x000000001b630000)]

Stack: [0x000000001b530000,0x000000001b630000]
[error occurred during error reporting (printing stack bounds), id 0xc0000005]

Native frames: (J=compiled Java code, j=interpreted, Vv=VM code, C=native code)


Current CompileTask:
C2:   3682 3094       4       groovy.lang.MetaClassImpl::addMetaMethodToIndex (65 bytes)


---------------  P R O C E S S  ---------------

Java Threads: ( => current thread )
  0x0000000022e54000 JavaThread "Cache worker for Build Output Cleanup Cache (E:\LeamOpenGL\.gradle\buildOutputCleanup)" [_thread_blocked, id=12464, stack(0x0000000026030000,0x0000000026130000)]
  0x000000001cea0000 JavaThread "Cache worker for file content cache (C:\Users\2020\.gradle\caches\6.5\fileContent)" [_thread_blocked, id=7264, stack(0x0000000025f30000,0x0000000026030000)]
  0x000000001ce9e800 JavaThread "Cache worker for execution history cache (C:\Users\2020\.gradle\caches\6.5\executionHistory)" [_thread_blocked, id=13400, stack(0x0000000025a30000,0x0000000025b30000)]
  0x000000001cea2000 JavaThread "Cache worker for cache directory md-rule (C:\Users\2020\.gradle\caches\6.5\md-rule)" [_thread_blocked, id=9600, stack(0x0000000025730000,0x0000000025830000)]
  0x000000001ce97000 JavaThread "Cache worker for cache directory md-supplier (C:\Users\2020\.gradle\caches\6.5\md-supplier)" [_thread_blocked, id=12132, stack(0x0000000025630000,0x0000000025730000)]
  0x000000001ce9d800 JavaThread "Cache worker for checksums cache (E:\LeamOpenGL\.gradle\checksums)" [_thread_blocked, id=9548, stack(0x0000000025530000,0x0000000025630000)]
  0x000000001ce9d000 JavaThread "jar transforms Thread 20" [_thread_blocked, id=13000, stack(0x0000000025230000,0x0000000025330000)]
  0x000000001ce95800 JavaThread "jar transforms Thread 19" [_thread_blocked, id=9948, stack(0x0000000025130000,0x0000000025230000)]
  0x000000001ce9c000 JavaThread "jar transforms Thread 18" [_thread_blocked, id=12212, stack(0x0000000025030000,0x0000000025130000)]
  0x000000001ce9b800 JavaThread "jar transforms Thread 17" [_thread_blocked, id=10552, stack(0x0000000024f30000,0x0000000025030000)]
  0x000000001ce96000 JavaThread "jar transforms Thread 16" [_thread_blocked, id=12192, stack(0x0000000024e30000,0x0000000024f30000)]
  0x000000001ce94000 JavaThread "jar transforms Thread 15" [_thread_blocked, id=9356, stack(0x0000000024d30000,0x0000000024e30000)]
  0x000000001ce9a800 JavaThread "jar transforms Thread 14" [_thread_blocked, id=10940, stack(0x0000000024c30000,0x0000000024d30000)]
  0x000000001ce93000 JavaThread "jar transforms Thread 13" [_thread_blocked, id=13700, stack(0x0000000024b30000,0x0000000024c30000)]
  0x000000001ce97800 JavaThread "jar transforms Thread 12" [_thread_blocked, id=13632, stack(0x0000000024930000,0x0000000024a30000)]
  0x000000001ce9a000 JavaThread "jar transforms Thread 11" [_thread_blocked, id=11552, stack(0x0000000024830000,0x0000000024930000)]
  0x000000001ce94800 JavaThread "jar transforms Thread 10" [_thread_blocked, id=11872, stack(0x0000000024730000,0x0000000024830000)]
  0x000000001ce99000 JavaThread "jar transforms Thread 9" [_thread_blocked, id=8028, stack(0x0000000024630000,0x0000000024730000)]
  0x000000001ce98800 JavaThread "jar transforms Thread 8" [_thread_blocked, id=7440, stack(0x0000000023280000,0x0000000023380000)]
  0x000000001d8ee000 JavaThread "jar transforms Thread 7" [_thread_blocked, id=12888, stack(0x0000000022130000,0x0000000022230000)]
  0x000000001d8ed000 JavaThread "jar transforms Thread 6" [_thread_blocked, id=12112, stack(0x0000000022030000,0x0000000022130000)]
  0x000000001d8ec800 JavaThread "jar transforms Thread 5" [_thread_blocked, id=13060, stack(0x0000000021f30000,0x0000000022030000)]
  0x000000001d8eb800 JavaThread "jar transforms Thread 4" [_thread_blocked, id=4564, stack(0x0000000021e30000,0x0000000021f30000)]
  0x000000001d8eb000 JavaThread "jar transforms Thread 3" [_thread_blocked, id=7572, stack(0x0000000021d30000,0x0000000021e30000)]
  0x000000001d8f0000 JavaThread "jar transforms Thread 2" [_thread_blocked, id=12396, stack(0x0000000021c30000,0x0000000021d30000)]
  0x000000001d8e9800 JavaThread "jar transforms" [_thread_blocked, id=9268, stack(0x0000000021b30000,0x0000000021c30000)]
  0x000000001d8ef800 JavaThread "Cache worker for file hash cache (E:\LeamOpenGL\.gradle\6.5\fileHashes)" [_thread_blocked, id=8204, stack(0x0000000020820000,0x0000000020920000)]
  0x000000001d8ee800 JavaThread "Cache worker for file hash cache (C:\Users\2020\.gradle\caches\6.5\fileHashes)" [_thread_blocked, id=3816, stack(0x0000000020720000,0x0000000020820000)]
  0x000000001d8ea000 JavaThread "File lock request listener" [_thread_in_native, id=3276, stack(0x000000001f650000,0x000000001f750000)]
  0x000000001d894800 JavaThread "Cache worker for journal cache (C:\Users\2020\.gradle\caches\journal-1)" [_thread_blocked, id=12580, stack(0x000000001f550000,0x000000001f650000)]
  0x000000001d7d9000 JavaThread "Thread-9" [_thread_blocked, id=10744, stack(0x000000001f250000,0x000000001f350000)]
  0x000000001d6c0000 JavaThread "Stdin handler" [_thread_blocked, id=11004, stack(0x000000001f150000,0x000000001f250000)]
  0x000000001d6bf800 JavaThread "Asynchronous log dispatcher for DefaultDaemonConnection: socket connection from /127.0.0.1:14513 to /127.0.0.1:14514" [_thread_blocked, id=11732, stack(0x000000001f050000,0x000000001f150000)]
  0x000000001d749000 JavaThread "Daemon worker" [_thread_in_vm, id=3908, stack(0x000000001ef50000,0x000000001f050000)]
  0x000000001d7f7800 JavaThread "Cancel handler" [_thread_blocked, id=2480, stack(0x000000001ee50000,0x000000001ef50000)]
  0x000000001d1f8000 JavaThread "Handler for socket connection from /127.0.0.1:14513 to /127.0.0.1:14514" [_thread_in_native, id=11680, stack(0x000000001ed50000,0x000000001ee50000)]
  0x000000001d5f7000 JavaThread "Daemon" [_thread_blocked, id=6652, stack(0x000000001ec50000,0x000000001ed50000)]
  0x000000001d67c800 JavaThread "Daemon periodic checks" [_thread_blocked, id=12848, stack(0x000000001e950000,0x000000001ea50000)]
  0x000000001d673800 JavaThread "Incoming local TCP Connector on port 14513" [_thread_in_native, id=12404, stack(0x000000001e7a0000,0x000000001e8a0000)]
  0x000000001d018000 JavaThread "Daemon health stats" [_thread_blocked, id=7296, stack(0x000000001e4a0000,0x000000001e5a0000)]
  0x0000000019f43800 JavaThread "Service Thread" daemon [_thread_blocked, id=10932, stack(0x000000001b830000,0x000000001b930000)]
  0x0000000019ecd800 JavaThread "C1 CompilerThread3" daemon [_thread_blocked, id=1184, stack(0x000000001b730000,0x000000001b830000)]
  0x0000000019ecd000 JavaThread "C2 CompilerThread2" daemon [_thread_in_native, id=12428, stack(0x000000001b630000,0x000000001b730000)]
=>0x0000000019ec8000 JavaThread "C2 CompilerThread1" daemon [_thread_in_native, id=13192, stack(0x000000001b530000,0x000000001b630000)]
  0x0000000019e6a800 JavaThread "C2 CompilerThread0" daemon [_thread_in_native, id=12616, stack(0x000000001b430000,0x000000001b530000)]
  0x0000000019e68000 JavaThread "Attach Listener" daemon [_thread_blocked, id=11936, stack(0x000000001b330000,0x000000001b430000)]
  0x0000000019ec4800 JavaThread "Signal Dispatcher" daemon [_thread_blocked, id=8944, stack(0x000000001b230000,0x000000001b330000)]
  0x00000000034c9800 JavaThread "Finalizer" daemon [_thread_blocked, id=1368, stack(0x000000001b0c0000,0x000000001b1c0000)]
  0x00000000034c8000 JavaThread "Reference Handler" daemon [_thread_blocked, id=3084, stack(0x000000001afc0000,0x000000001b0c0000)]
  0x00000000033d2800 JavaThread "main" [_thread_blocked, id=2820, stack(0x00000000032d0000,0x00000000033d0000)]

Other Threads:
  0x0000000019e32800 VMThread [stack: 0x000000001aec0000,0x000000001afc0000] [id=7404]
  0x0000000019f44000 WatcherThread [stack: 0x000000001b930000,0x000000001ba30000] [id=13468]

VM state:not at safepoint (normal execution)

VM Mutex/Monitor currently owned by a thread: None

heap address: 0x0000000080000000, size: 2048 MB, Compressed Oops mode: 32-bit
Narrow klass base: 0x0000000000000000, Narrow klass shift: 3
Compressed class space size: 1073741824 Address: 0x0000000100000000

Heap:
 PSYoungGen      total 270848K, used 81659K [0x00000000d5580000, 0x00000000eac80000, 0x0000000100000000)
  eden space 260096K, 31% used [0x00000000d5580000,0x00000000da53ef40,0x00000000e5380000)
  from space 10752K, 0% used [0x00000000e5380000,0x00000000e5380000,0x00000000e5e00000)
  to   space 15872K, 0% used [0x00000000e9d00000,0x00000000e9d00000,0x00000000eac80000)
 ParOldGen       total 171008K, used 16176K [0x0000000080000000, 0x000000008a700000, 0x00000000d5580000)
  object space 171008K, 9% used [0x0000000080000000,0x0000000080fcc210,0x000000008a700000)
 Metaspace       used 37404K, capacity 39184K, committed 39424K, reserved 1083392K
  class space    used 5168K, capacity 5557K, committed 5632K, reserved 1048576K

Card table byte_map: [0x00000000128a0000,0x0000000012cb0000] byte_map_base: 0x00000000124a0000

Marking Bits: (ParMarkBitMap*) 0x0000000074d3f030
 Begin Bits: [0x0000000013960000, 0x0000000015960000)
 End Bits:   [0x0000000015960000, 0x0000000017960000)

Polling page: 0x0000000002f60000

CodeCache: size=245760Kb used=12241Kb max_used=12241Kb free=233518Kb
 bounds [0x00000000034e0000, 0x00000000040e0000, 0x00000000124e0000]
 total_blobs=3916 nmethods=3215 adapters=614
 compilation: enabled

Compilation events (10 events):
Event: 3.630 Thread 0x0000000019ecd800 3216       1       org.slf4j.impl.StaticLoggerBinder::getLoggerFactory (5 bytes)
Event: 3.630 Thread 0x0000000019ecd800 nmethod 3216 0x00000000040d4810 code [0x00000000040d4960, 0x00000000040d4a70]
Event: 3.657 Thread 0x0000000019ecd800 3217       3       java.net.URI$Parser::scan (73 bytes)
Event: 3.658 Thread 0x0000000019ecd800 nmethod 3217 0x00000000040d4ad0 code [0x00000000040d4ca0, 0x00000000040d53e8]
Event: 3.673 Thread 0x0000000019ecd800 3218       3       com.google.common.base.Preconditions::checkArgument (17 bytes)
Event: 3.673 Thread 0x0000000019ecd800 nmethod 3218 0x00000000040d5b90 code [0x00000000040d5d20, 0x00000000040d60b8]
Event: 3.680 Thread 0x0000000019ecd800 3220       3       jdk.internal.org.objectweb.asm.Frame::initInputFrame (158 bytes)
Event: 3.681 Thread 0x0000000019ecd800 nmethod 3220 0x00000000040d6b50 code [0x00000000040d6d60, 0x00000000040d77d8]
Event: 3.681 Thread 0x0000000019ecd800 3221       3       jdk.internal.org.objectweb.asm.MethodVisitor::visitFieldInsn (20 bytes)
Event: 3.681 Thread 0x0000000019ecd800 nmethod 3221 0x00000000040d7f50 code [0x00000000040d80c0, 0x00000000040d8328]

GC Heap History (10 events):
Event: 1.900 GC heap before
{Heap before GC invocations=3 (full 0):
 PSYoungGen      total 140800K, used 81680K [0x00000000d5580000, 0x00000000de980000, 0x0000000100000000)
  eden space 130048K, 55% used [0x00000000d5580000,0x00000000d9c1f758,0x00000000dd480000)
  from space 10752K, 87% used [0x00000000ddf00000,0x00000000de824938,0x00000000de980000)
  to   space 10752K, 0% used [0x00000000dd480000,0x00000000dd480000,0x00000000ddf00000)
 ParOldGen       total 173568K, used 24K [0x0000000080000000, 0x000000008a980000, 0x00000000d5580000)
  object space 173568K, 0% used [0x0000000080000000,0x0000000080006000,0x000000008a980000)
 Metaspace       used 20483K, capacity 21222K, committed 21296K, reserved 1067008K
  class space    used 2855K, capacity 3037K, committed 3072K, reserved 1048576K
Event: 1.908 GC heap after
Heap after GC invocations=3 (full 0):
 PSYoungGen      total 140800K, used 10737K [0x00000000d5580000, 0x00000000e6880000, 0x0000000100000000)
  eden space 130048K, 0% used [0x00000000d5580000,0x00000000d5580000,0x00000000dd480000)
  from space 10752K, 99% used [0x00000000dd480000,0x00000000ddefc670,0x00000000ddf00000)
  to   space 10752K, 0% used [0x00000000e5e00000,0x00000000e5e00000,0x00000000e6880000)
 ParOldGen       total 173568K, used 1668K [0x0000000080000000, 0x000000008a980000, 0x00000000d5580000)
  object space 173568K, 0% used [0x0000000080000000,0x00000000801a1108,0x000000008a980000)
 Metaspace       used 20483K, capacity 21222K, committed 21296K, reserved 1067008K
  class space    used 2855K, capacity 3037K, committed 3072K, reserved 1048576K
}
Event: 1.908 GC heap before
{Heap before GC invocations=4 (full 1):
 PSYoungGen      total 140800K, used 10737K [0x00000000d5580000, 0x00000000e6880000, 0x0000000100000000)
  eden space 130048K, 0% used [0x00000000d5580000,0x00000000d5580000,0x00000000dd480000)
  from space 10752K, 99% used [0x00000000dd480000,0x00000000ddefc670,0x00000000ddf00000)
  to   space 10752K, 0% used [0x00000000e5e00000,0x00000000e5e00000,0x00000000e6880000)
 ParOldGen       total 173568K, used 1668K [0x0000000080000000, 0x000000008a980000, 0x00000000d5580000)
  object space 173568K, 0% used [0x0000000080000000,0x00000000801a1108,0x000000008a980000)
 Metaspace       used 20483K, capacity 21222K, committed 21296K, reserved 1067008K
  class space    used 2855K, capacity 3037K, committed 3072K, reserved 1048576K
Event: 1.930 GC heap after
Heap after GC invocations=4 (full 1):
 PSYoungGen      total 140800K, used 0K [0x00000000d5580000, 0x00000000e6880000, 0x0000000100000000)
  eden space 130048K, 0% used [0x00000000d5580000,0x00000000d5580000,0x00000000dd480000)
  from space 10752K, 0% used [0x00000000dd480000,0x00000000dd480000,0x00000000ddf00000)
  to   space 10752K, 0% used [0x00000000e5e00000,0x00000000e5e00000,0x00000000e6880000)
 ParOldGen       total 109056K, used 11935K [0x0000000080000000, 0x0000000086a80000, 0x00000000d5580000)
  object space 109056K, 10% used [0x0000000080000000,0x0000000080ba7d00,0x0000000086a80000)
 Metaspace       used 20483K, capacity 21222K, committed 21296K, reserved 1067008K
  class space    used 2855K, capacity 3037K, committed 3072K, reserved 1048576K
}
Event: 2.892 GC heap before
{Heap before GC invocations=5 (full 1):
 PSYoungGen      total 140800K, used 130048K [0x00000000d5580000, 0x00000000e6880000, 0x0000000100000000)
  eden space 130048K, 100% used [0x00000000d5580000,0x00000000dd480000,0x00000000dd480000)
  from space 10752K, 0% used [0x00000000dd480000,0x00000000dd480000,0x00000000ddf00000)
  to   space 10752K, 0% used [0x00000000e5e00000,0x00000000e5e00000,0x00000000e6880000)
 ParOldGen       total 109056K, used 11935K [0x0000000080000000, 0x0000000086a80000, 0x00000000d5580000)
  object space 109056K, 10% used [0x0000000080000000,0x0000000080ba7d00,0x0000000086a80000)
 Metaspace       used 32559K, capacity 33806K, committed 33920K, reserved 1079296K
  class space    used 4406K, capacity 4712K, committed 4736K, reserved 1048576K
Event: 2.909 GC heap after
Heap after GC invocations=5 (full 1):
 PSYoungGen      total 212992K, used 10734K [0x00000000d5580000, 0x00000000e6880000, 0x0000000100000000)
  eden space 202240K, 0% used [0x00000000d5580000,0x00000000d5580000,0x00000000e1b00000)
  from space 10752K, 99% used [0x00000000e5e00000,0x00000000e687b8a8,0x00000000e6880000)
  to   space 10752K, 0% used [0x00000000e5380000,0x00000000e5380000,0x00000000e5e00000)
 ParOldGen       total 109056K, used 14809K [0x0000000080000000, 0x0000000086a80000, 0x00000000d5580000)
  object space 109056K, 13% used [0x0000000080000000,0x0000000080e765e8,0x0000000086a80000)
 Metaspace       used 32559K, capacity 33806K, committed 33920K, reserved 1079296K
  class space    used 4406K, capacity 4712K, committed 4736K, reserved 1048576K
}
Event: 3.245 GC heap before
{Heap before GC invocations=6 (full 1):
 PSYoungGen      total 212992K, used 50723K [0x00000000d5580000, 0x00000000e6880000, 0x0000000100000000)
  eden space 202240K, 19% used [0x00000000d5580000,0x00000000d7c8d5f0,0x00000000e1b00000)
  from space 10752K, 99% used [0x00000000e5e00000,0x00000000e687b8a8,0x00000000e6880000)
  to   space 10752K, 0% used [0x00000000e5380000,0x00000000e5380000,0x00000000e5e00000)
 ParOldGen       total 109056K, used 14809K [0x0000000080000000, 0x0000000086a80000, 0x00000000d5580000)
  object space 109056K, 13% used [0x0000000080000000,0x0000000080e765e8,0x0000000086a80000)
 Metaspace       used 33997K, capacity 35408K, committed 35456K, reserved 1079296K
  class space    used 4601K, capacity 4977K, committed 4992K, reserved 1048576K
Event: 3.252 GC heap after
Heap after GC invocations=6 (full 1):
 PSYoungGen      total 270848K, used 9611K [0x00000000d5580000, 0x00000000eac80000, 0x0000000100000000)
  eden space 260096K, 0% used [0x00000000d5580000,0x00000000d5580000,0x00000000e5380000)
  from space 10752K, 89% used [0x00000000e5380000,0x00000000e5ce2df8,0x00000000e5e00000)
  to   space 15872K, 0% used [0x00000000e9d00000,0x00000000e9d00000,0x00000000eac80000)
 ParOldGen       total 109056K, used 14817K [0x0000000080000000, 0x0000000086a80000, 0x00000000d5580000)
  object space 109056K, 13% used [0x0000000080000000,0x0000000080e785e8,0x0000000086a80000)
 Metaspace       used 33997K, capacity 35408K, committed 35456K, reserved 1079296K
  class space    used 4601K, capacity 4977K, committed 4992K, reserved 1048576K
}
Event: 3.252 GC heap before
{Heap before GC invocations=7 (full 2):
 PSYoungGen      total 270848K, used 9611K [0x00000000d5580000, 0x00000000eac80000, 0x0000000100000000)
  eden space 260096K, 0% used [0x00000000d5580000,0x00000000d5580000,0x00000000e5380000)
  from space 10752K, 89% used [0x00000000e5380000,0x00000000e5ce2df8,0x00000000e5e00000)
  to   space 15872K, 0% used [0x00000000e9d00000,0x00000000e9d00000,0x00000000eac80000)
 ParOldGen       total 109056K, used 14817K [0x0000000080000000, 0x0000000086a80000, 0x00000000d5580000)
  object space 109056K, 13% used [0x0000000080000000,0x0000000080e785e8,0x0000000086a80000)
 Metaspace       used 33997K, capacity 35408K, committed 35456K, reserved 1079296K
  class space    used 4601K, capacity 4977K, committed 4992K, reserved 1048576K
Event: 3.298 GC heap after
Heap after GC invocations=7 (full 2):
 PSYoungGen      total 270848K, used 0K [0x00000000d5580000, 0x00000000eac80000, 0x0000000100000000)
  eden space 260096K, 0% used [0x00000000d5580000,0x00000000d5580000,0x00000000e5380000)
  from space 10752K, 0% used [0x00000000e5380000,0x00000000e5380000,0x00000000e5e00000)
  to   space 15872K, 0% used [0x00000000e9d00000,0x00000000e9d00000,0x00000000eac80000)
 ParOldGen       total 171008K, used 16176K [0x0000000080000000, 0x000000008a700000, 0x00000000d5580000)
  object space 171008K, 9% used [0x0000000080000000,0x0000000080fcc210,0x000000008a700000)
 Metaspace       used 33997K, capacity 35408K, committed 35456K, reserved 1079296K
  class space    used 4601K, capacity 4977K, committed 4992K, reserved 1048576K
}

Deoptimization events (10 events):
Event: 3.414 Thread 0x000000001d749000 Uncommon trap: reason=unstable_if action=reinterpret pc=0x0000000003fe31e4 method=java.util.HashMap.getNode(ILjava/lang/Object;)Ljava/util/HashMap$Node; @ 53
Event: 3.428 Thread 0x000000001d749000 Uncommon trap: reason=unstable_if action=reinterpret pc=0x0000000003a979c4 method=java.util.HashMap.getNode(ILjava/lang/Object;)Ljava/util/HashMap$Node; @ 53
Event: 3.438 Thread 0x000000001d749000 Uncommon trap: reason=bimorphic action=maybe_recompile pc=0x0000000003e66dec method=java.util.AbstractCollection.addAll(Ljava/util/Collection;)Z @ 29
Event: 3.464 Thread 0x000000001d749000 Uncommon trap: reason=unstable_if action=reinterpret pc=0x0000000003c58f00 method=org.objectweb.asm.ByteVector.putShort(I)Lorg/objectweb/asm/ByteVector; @ 13
Event: 3.465 Thread 0x000000001d749000 Uncommon trap: reason=unstable_if action=reinterpret pc=0x0000000003b98208 method=java.net.URLStreamHandler.sameFile(Ljava/net/URL;Ljava/net/URL;)Z @ 63
Event: 3.519 Thread 0x000000001d749000 Uncommon trap: reason=unstable_if action=reinterpret pc=0x0000000004006b94 method=java.lang.ClassLoader.checkCerts(Ljava/lang/String;Ljava/security/CodeSource;)V @ 29
Event: 3.522 Thread 0x000000001d749000 Uncommon trap: reason=unstable_if action=reinterpret pc=0x0000000003caffd4 method=java.util.WeakHashMap.put(Ljava/lang/Object;Ljava/lang/Object;)Ljava/lang/Object; @ 59
Event: 3.536 Thread 0x000000001d749000 Uncommon trap: reason=unstable_if action=reinterpret pc=0x0000000003e26f38 method=org.gradle.internal.reflect.PropertyAccessorType.isGetGetterName(Ljava/lang/String;)Z @ 14
Event: 3.624 Thread 0x000000001d749000 Uncommon trap: reason=unstable_if action=reinterpret pc=0x0000000003790168 method=java.net.URI.match(CJJ)Z @ 45
Event: 3.625 Thread 0x000000001d749000 Uncommon trap: reason=unstable_if action=reinterpret pc=0x00000000036a2fc8 method=java.net.URI.match(CJJ)Z @ 19

Classes redefined (0 events):
No events

Internal exceptions (10 events):
Event: 3.583 Thread 0x000000001d749000 Exception <a 'java/lang/ClassNotFoundException': org/gradle/api/internal/DefaultNamedDomainObjectListCustomizer> (0x00000000d8fd8d50) thrown at [C:\src\AOSP-openjdk-git\hotspot\src\share\vm\classfile\systemDictionary.cpp, line 210]
Event: 3.584 Thread 0x000000001d749000 Exception <a 'java/lang/ClassNotFoundException': org/gradle/api/internal/artifacts/DefaultArtifactRepositoryContainerCustomizer> (0x00000000d904cfe0) thrown at [C:\src\AOSP-openjdk-git\hotspot\src\share\vm\classfile\systemDictionary.cpp, line 210]
Event: 3.585 Thread 0x000000001d749000 Exception <a 'java/lang/ClassNotFoundException': org/gradle/api/internal/artifacts/dsl/DefaultRepositoryHandlerCustomizer> (0x00000000d90b23b0) thrown at [C:\src\AOSP-openjdk-git\hotspot\src\share\vm\classfile\systemDictionary.cpp, line 210]
Event: 3.586 Thread 0x000000001d749000 Exception <a 'java/lang/ClassNotFoundException': org/gradle/api/internal/artifacts/dsl/DefaultRepositoryHandler_DecoratedCustomizer> (0x00000000d9135cb0) thrown at [C:\src\AOSP-openjdk-git\hotspot\src\share\vm\classfile\systemDictionary.cpp, line 210]
Event: 3.619 Thread 0x000000001d749000 Exception <a 'java/lang/ClassNotFoundException': groovy/lang/GString$1BeanInfo> (0x00000000d97e53d8) thrown at [C:\src\AOSP-openjdk-git\hotspot\src\share\vm\classfile\systemDictionary.cpp, line 210]
Event: 3.620 Thread 0x000000001d749000 Exception <a 'java/lang/ClassNotFoundException': groovy/lang/GStringBeanInfo> (0x00000000d9806848) thrown at [C:\src\AOSP-openjdk-git\hotspot\src\share\vm\classfile\systemDictionary.cpp, line 210]
Event: 3.620 Thread 0x000000001d749000 Exception <a 'java/lang/ClassNotFoundException': groovy/lang/GStringCustomizer> (0x00000000d9828830) thrown at [C:\src\AOSP-openjdk-git\hotspot\src\share\vm\classfile\systemDictionary.cpp, line 210]
Event: 3.621 Thread 0x000000001d749000 Exception <a 'java/lang/ClassNotFoundException': groovy/lang/GString$1Customizer> (0x00000000d9856c70) thrown at [C:\src\AOSP-openjdk-git\hotspot\src\share\vm\classfile\systemDictionary.cpp, line 210]
Event: 3.623 Thread 0x000000001d749000 Exception <a 'java/lang/ClassNotFoundException': org/codehaus/groovy/runtime/GStringImplBeanInfo> (0x00000000d99083d8) thrown at [C:\src\AOSP-openjdk-git\hotspot\src\share\vm\classfile\systemDictionary.cpp, line 210]
Event: 3.624 Thread 0x000000001d749000 Exception <a 'java/lang/ClassNotFoundException': org/codehaus/groovy/runtime/GStringImplCustomizer> (0x00000000d9934440) thrown at [C:\src\AOSP-openjdk-git\hotspot\src\share\vm\classfile\systemDictionary.cpp, line 210]

Events (10 events):
Event: 3.680 loading class org/gradle/api/internal/artifacts/ivyservice/resolveengine/graph/builder/SelectorState
Event: 3.680 loading class org/gradle/api/internal/artifacts/ivyservice/resolveengine/graph/builder/SelectorState done
Event: 3.680 loading class org/gradle/internal/Pair
Event: 3.680 loading class org/gradle/internal/Pair done
Event: 3.680 loading class org/gradle/api/internal/artifacts/ivyservice/resolveengine/graph/builder/ResolveState
Event: 3.680 loading class org/gradle/api/internal/artifacts/ivyservice/resolveengine/graph/builder/ResolveState done
Event: 3.681 loading class org/gradle/internal/resolve/result/BuildableComponentIdResolveResult
Event: 3.681 loading class org/gradle/internal/resolve/result/BuildableComponentIdResolveResult done
Event: 3.681 loading class org/gradle/internal/resolve/result/ComponentIdResolveResult
Event: 3.681 loading class org/gradle/internal/resolve/result/ComponentIdResolveResult done


Dynamic libraries:
0x00007ff7eff10000 - 0x00007ff7eff41000 	D:\as4.1.31\jre\bin\java.exe
0x00007ff86d360000 - 0x00007ff86d550000 	C:\Windows\SYSTEM32\ntdll.dll
0x00007ff86c210000 - 0x00007ff86c2c2000 	C:\Windows\System32\KERNEL32.DLL
0x00007ff86b160000 - 0x00007ff86b403000 	C:\Windows\System32\KERNELBASE.dll
0x00007ff86b470000 - 0x00007ff86b513000 	C:\Windows\System32\ADVAPI32.dll
0x00007ff86c7f0000 - 0x00007ff86c88e000 	C:\Windows\System32\msvcrt.dll
0x00007ff86d0b0000 - 0x00007ff86d147000 	C:\Windows\System32\sechost.dll
0x00007ff86c4b0000 - 0x00007ff86c5d0000 	C:\Windows\System32\RPCRT4.dll
0x00007ff86c650000 - 0x00007ff86c7e4000 	C:\Windows\System32\USER32.dll
0x00007ff86a740000 - 0x00007ff86a761000 	C:\Windows\System32\win32u.dll
0x00007ff86c2d0000 - 0x00007ff86c2f6000 	C:\Windows\System32\GDI32.dll
0x00007ff86a770000 - 0x00007ff86a904000 	C:\Windows\System32\gdi32full.dll
0x00007ff86a910000 - 0x00007ff86a9ae000 	C:\Windows\System32\msvcp_win.dll
0x00007ff86a5e0000 - 0x00007ff86a6da000 	C:\Windows\System32\ucrtbase.dll
0x00007ff85bcb0000 - 0x00007ff85bf35000 	C:\Windows\WinSxS\amd64_microsoft.windows.common-controls_6595b64144ccf1df_6.0.18362.418_none_e6c6b287130d565d\COMCTL32.dll
0x00007ff86bb10000 - 0x00007ff86be46000 	C:\Windows\System32\combase.dll
0x00007ff86a560000 - 0x00007ff86a5e0000 	C:\Windows\System32\bcryptPrimitives.dll
0x00007ff86c180000 - 0x00007ff86c1ae000 	C:\Windows\System32\IMM32.DLL
0x00000000743b0000 - 0x0000000074482000 	D:\as4.1.31\jre\jre\bin\msvcr100.dll
0x0000000074570000 - 0x0000000074dbb000 	D:\as4.1.31\jre\jre\bin\server\jvm.dll
0x00007ff86c170000 - 0x00007ff86c178000 	C:\Windows\System32\PSAPI.DLL
0x00007ff868080000 - 0x00007ff868089000 	C:\Windows\SYSTEM32\WSOCK32.dll
0x00007ff868010000 - 0x00007ff868034000 	C:\Windows\SYSTEM32\WINMM.dll
0x00007ff868d50000 - 0x00007ff868d5a000 	C:\Windows\SYSTEM32\VERSION.dll
0x00007ff86d170000 - 0x00007ff86d1df000 	C:\Windows\System32\WS2_32.dll
0x00007ff867ee0000 - 0x00007ff867f0d000 	C:\Windows\SYSTEM32\WINMMBASE.dll
0x00007ff86a440000 - 0x00007ff86a48a000 	C:\Windows\System32\cfgmgr32.dll
0x00007ff868d00000 - 0x00007ff868d0f000 	D:\as4.1.31\jre\jre\bin\verify.dll
0x00007ff8689e0000 - 0x00007ff868a09000 	D:\as4.1.31\jre\jre\bin\java.dll
0x00007ff868ce0000 - 0x00007ff868cf6000 	D:\as4.1.31\jre\jre\bin\zip.dll
0x00007ff86c9c0000 - 0x00007ff86d0a5000 	C:\Windows\System32\SHELL32.dll
0x00007ff86b520000 - 0x00007ff86b5c9000 	C:\Windows\System32\shcore.dll
0x00007ff86a9b0000 - 0x00007ff86b12f000 	C:\Windows\System32\windows.storage.dll
0x00007ff86a290000 - 0x00007ff86a2af000 	C:\Windows\System32\profapi.dll
0x00007ff86a240000 - 0x00007ff86a28a000 	C:\Windows\System32\powrprof.dll
0x00007ff86a230000 - 0x00007ff86a240000 	C:\Windows\System32\UMPDC.dll
0x00007ff86b410000 - 0x00007ff86b462000 	C:\Windows\System32\shlwapi.dll
0x00007ff86a2b0000 - 0x00007ff86a2c1000 	C:\Windows\System32\kernel.appcore.dll
0x00007ff86a490000 - 0x00007ff86a4a7000 	C:\Windows\System32\cryptsp.dll
0x00007ff868cb0000 - 0x00007ff868cca000 	D:\as4.1.31\jre\jre\bin\net.dll
0x00007ff855f40000 - 0x00007ff855f60000 	C:\Windows\system32\PrxerDrv.dll
0x00007ff869a40000 - 0x00007ff869aa7000 	C:\Windows\system32\mswsock.dll
0x00007ff863dc0000 - 0x00007ff863dd3000 	D:\as4.1.31\jre\jre\bin\nio.dll
0x00007ff85b210000 - 0x00007ff85b237000 	C:\Users\2020\.gradle\native\f6784746aeab05261644944871eae4fe03e0ef1612fff0a4a95f87b438bc6780\windows-amd64\native-platform.dll
0x00007ff8689d0000 - 0x00007ff8689dd000 	D:\as4.1.31\jre\jre\bin\management.dll
0x00007ff8695b0000 - 0x00007ff8695e3000 	C:\Windows\system32\rsaenh.dll
0x00007ff86b130000 - 0x00007ff86b156000 	C:\Windows\System32\bcrypt.dll
0x00007ff86a120000 - 0x00007ff86a145000 	C:\Windows\SYSTEM32\USERENV.dll
0x00007ff869c10000 - 0x00007ff869c1c000 	C:\Windows\SYSTEM32\CRYPTBASE.dll
0x00007ff869750000 - 0x00007ff86978a000 	C:\Windows\SYSTEM32\IPHLPAPI.DLL
0x00007ff86c010000 - 0x00007ff86c018000 	C:\Windows\System32\NSI.dll
0x00007ff8640d0000 - 0x00007ff8640e6000 	C:\Windows\SYSTEM32\dhcpcsvc6.DLL
0x00007ff864b10000 - 0x00007ff864b2c000 	C:\Windows\SYSTEM32\dhcpcsvc.DLL
0x00007ff869790000 - 0x00007ff86985a000 	C:\Windows\SYSTEM32\DNSAPI.dll
0x00007ff864b30000 - 0x00007ff864b3b000 	C:\Windows\SYSTEM32\WINNSI.DLL
0x00007ff857070000 - 0x00007ff85708c000 	C:\Windows\System32\PrxerNsp.dll

VM Arguments:
jvm_args: -Xmx2048m -Dfile.encoding=UTF-8 -Duser.country=CN -Duser.language=zh -Duser.variant 
java_command: org.gradle.launcher.daemon.bootstrap.GradleDaemon 6.5
java_class_path (initial): C:\Users\2020\.gradle\wrapper\dists\gradle-6.5-bin\6nifqtx7604sqp1q6g8wikw7p\gradle-6.5\lib\gradle-launcher-6.5.jar
Launcher Type: SUN_STANDARD

Environment Variables:
JAVA_HOME=D:\as4.1.31
CLASSPATH=.;D:\as4.1.31\lib\dt.jar;D:\as4.1.31\lib\tools.jar;
PATH=C:\Windows\system32;C:\Windows;C:\Windows\System32\Wbem;C:\Windows\System32\WindowsPowerShell\v1.0\;C:\Windows\System32\OpenSSH\;D:\git\Git\cmd;D:\svn\bin;D:\as4.1.3\asSdk\tools;D:\as4.1.3\asSdk\platform-tools;D:\as4.1.31\bin;D:\as4.1.31\jre\bin;D:\Python27;D:\Python27\Scripts;D:\Program Files\OpenSSL-Win64\bin;D:\as4.1.3\android-ndk-r10e;C:\Users\2020\AppData\Local\Microsoft\WindowsApps;
USERNAME=lizhixin
OS=Windows_NT
PROCESSOR_IDENTIFIER=Intel64 Family 6 Model 165 Stepping 3, GenuineIntel



---------------  S Y S T E M  ---------------

OS: Windows 10.0 , 64 bit Build 18362 (10.0.18362.329)

CPU:total 12 (initial active 12) (6 cores per cpu, 2 threads per core) family 6 model 165 stepping 3, cmov, cx8, fxsr, mmx, sse, sse2, sse3, ssse3, sse4.1, sse4.2, popcnt, avx, avx2, aes, clmul, erms, 3dnowpref, lzcnt, ht, tsc, tscinvbit, bmi1, bmi2, adx

Memory: 4k page, physical 16634904k(2393132k free), swap 16634904k(5972k free)

vm_info: OpenJDK 64-Bit Server VM (25.242-b01) for windows-amd64 JRE (1.8.0_242-release-1644-b01), built by "builder" with MS VC++ 10.0 (VS2010)

time: Wed Dec 08 16:34:51 2021
timezone: 中国标准时间
elapsed time: 3 seconds (0d 0h 0m 3s)

